<?xml version="1.0" encoding="UTF-8"?>
<!-- Generated by org.testng.reporters.JUnitReportReporter -->
<testsuite hostname="Dhivi" failures="0" tests="3" name="tests.CreateAccountTest" time="33.236" errors="0" timestamp="2024-09-10T18:00:25 IST" skipped="0">
  <testcase classname="tests.CreateAccountTest" name="createAccountValidCredentials" time="17.392"/>
  <system-out>
  </system-out>
  <testcase classname="tests.CreateAccountTest" name="createAccountInvalidCredentials" time="9.222"/>
  <system-out>
  </system-out>
  <testcase classname="tests.CreateAccountTest" name="createAccountEmptyCredentials" time="6.622"/>
  <system-out>
  </system-out>
</testsuite> <!-- tests.CreateAccountTest -->