<?xml version="1.0" encoding="UTF-8"?>
<!-- Generated by org.testng.reporters.JUnitReportReporter -->
<testsuite hostname="Dhivi" failures="0" tests="2" name="tests.CheckoutAndPaymentProcessTest" time="33.701" errors="0" timestamp="2024-09-10T18:00:25 IST" skipped="0">
  <testcase classname="tests.CheckoutAndPaymentProcessTest" name="checkoutLoginProcess" time="5.027"/>
  <system-out>
  </system-out>
  <testcase classname="tests.CheckoutAndPaymentProcessTest" name="paymentInformation" time="28.674"/>
  <system-out>
  </system-out>
</testsuite> <!-- tests.CheckoutAndPaymentProcessTest -->